rm -f results.xml
"make" -f Makefile results.xml
make[1]: Entering directory '/home/bdballa/cocotb_projects/cocotb_modified3'
mkdir -p sim_build
/usr/local/bin/verilator -cc --exe -Mdir sim_build --top-module dut_wrapper --timescale 1ns/1ps --vpi --public-flat-rw --prefix Vtop -o Vtop -LDFLAGS "-Wl,-rpath,/home/bdballa/cocotb_projects/cocotb_modified3/py311/lib/python3.11/site-packages/cocotb/libs -L/home/bdballa/cocotb_projects/cocotb_modified3/py311/lib/python3.11/site-packages/cocotb/libs -lcocotbvpi_verilator" --trace -Irtl rtl/dut_wrapper.sv rtl/top_level.sv /home/bdballa/cocotb_projects/cocotb_modified3/py311/lib/python3.11/site-packages/cocotb/share/lib/verilator/verilator.cpp
- V e r i l a t i o n   R e p o r t: Verilator 5.040 2025-08-30 rev v5.040
- Verilator: Built from 0.035 MB sources in 4 modules, into 0.072 MB in 15 C++ files needing 0.000 MB
- Verilator: Walltime 0.008 s (elab=0.000, cvt=0.004, bld=0.000); cpu 0.007 s on 1 threads; alloced 19.867 MB
make -C sim_build  -f Vtop.mk
make[2]: Entering directory '/home/bdballa/cocotb_projects/cocotb_modified3/sim_build'
g++  -I.  -MMD -I/usr/local/share/verilator/include -I/usr/local/share/verilator/include/vltstd -DVERILATOR=1 -DVM_COVERAGE=0 -DVM_SC=0 -DVM_TIMING=0 -DVM_TRACE=1 -DVM_TRACE_FST=0 -DVM_TRACE_VCD=1 -DVM_TRACE_SAIF=0 -faligned-new -fcf-protection=none -Wno-bool-operation -Wno-int-in-bool-context -Wno-shadow -Wno-sign-compare -Wno-subobject-linkage -Wno-tautological-compare -Wno-uninitialized -Wno-unused-but-set-parameter -Wno-unused-but-set-variable -Wno-unused-parameter -Wno-unused-variable      -Os  -c -o verilator.o /home/bdballa/cocotb_projects/cocotb_modified3/py311/lib/python3.11/site-packages/cocotb/share/lib/verilator/verilator.cpp
g++ -Os  -I.  -MMD -I/usr/local/share/verilator/include -I/usr/local/share/verilator/include/vltstd -DVERILATOR=1 -DVM_COVERAGE=0 -DVM_SC=0 -DVM_TIMING=0 -DVM_TRACE=1 -DVM_TRACE_FST=0 -DVM_TRACE_VCD=1 -DVM_TRACE_SAIF=0 -faligned-new -fcf-protection=none -Wno-bool-operation -Wno-int-in-bool-context -Wno-shadow -Wno-sign-compare -Wno-subobject-linkage -Wno-tautological-compare -Wno-uninitialized -Wno-unused-but-set-parameter -Wno-unused-but-set-variable -Wno-unused-parameter -Wno-unused-variable      -c -o verilated.o /usr/local/share/verilator/include/verilated.cpp
g++ -Os  -I.  -MMD -I/usr/local/share/verilator/include -I/usr/local/share/verilator/include/vltstd -DVERILATOR=1 -DVM_COVERAGE=0 -DVM_SC=0 -DVM_TIMING=0 -DVM_TRACE=1 -DVM_TRACE_FST=0 -DVM_TRACE_VCD=1 -DVM_TRACE_SAIF=0 -faligned-new -fcf-protection=none -Wno-bool-operation -Wno-int-in-bool-context -Wno-shadow -Wno-sign-compare -Wno-subobject-linkage -Wno-tautological-compare -Wno-uninitialized -Wno-unused-but-set-parameter -Wno-unused-but-set-variable -Wno-unused-parameter -Wno-unused-variable      -c -o verilated_dpi.o /usr/local/share/verilator/include/verilated_dpi.cpp
g++ -Os  -I.  -MMD -I/usr/local/share/verilator/include -I/usr/local/share/verilator/include/vltstd -DVERILATOR=1 -DVM_COVERAGE=0 -DVM_SC=0 -DVM_TIMING=0 -DVM_TRACE=1 -DVM_TRACE_FST=0 -DVM_TRACE_VCD=1 -DVM_TRACE_SAIF=0 -faligned-new -fcf-protection=none -Wno-bool-operation -Wno-int-in-bool-context -Wno-shadow -Wno-sign-compare -Wno-subobject-linkage -Wno-tautological-compare -Wno-uninitialized -Wno-unused-but-set-parameter -Wno-unused-but-set-variable -Wno-unused-parameter -Wno-unused-variable      -c -o verilated_vpi.o /usr/local/share/verilator/include/verilated_vpi.cpp
g++ -Os  -I.  -MMD -I/usr/local/share/verilator/include -I/usr/local/share/verilator/include/vltstd -DVERILATOR=1 -DVM_COVERAGE=0 -DVM_SC=0 -DVM_TIMING=0 -DVM_TRACE=1 -DVM_TRACE_FST=0 -DVM_TRACE_VCD=1 -DVM_TRACE_SAIF=0 -faligned-new -fcf-protection=none -Wno-bool-operation -Wno-int-in-bool-context -Wno-shadow -Wno-sign-compare -Wno-subobject-linkage -Wno-tautological-compare -Wno-uninitialized -Wno-unused-but-set-parameter -Wno-unused-but-set-variable -Wno-unused-parameter -Wno-unused-variable      -c -o verilated_vcd_c.o /usr/local/share/verilator/include/verilated_vcd_c.cpp
g++ -Os  -I.  -MMD -I/usr/local/share/verilator/include -I/usr/local/share/verilator/include/vltstd -DVERILATOR=1 -DVM_COVERAGE=0 -DVM_SC=0 -DVM_TIMING=0 -DVM_TRACE=1 -DVM_TRACE_FST=0 -DVM_TRACE_VCD=1 -DVM_TRACE_SAIF=0 -faligned-new -fcf-protection=none -Wno-bool-operation -Wno-int-in-bool-context -Wno-shadow -Wno-sign-compare -Wno-subobject-linkage -Wno-tautological-compare -Wno-uninitialized -Wno-unused-but-set-parameter -Wno-unused-but-set-variable -Wno-unused-parameter -Wno-unused-variable      -c -o verilated_threads.o /usr/local/share/verilator/include/verilated_threads.cpp
python3 /usr/local/share/verilator/bin/verilator_includer -DVL_INCLUDE_OPT=include Vtop.cpp Vtop___024root__DepSet_h84412442__0.cpp Vtop___024root__DepSet_heccd7ead__0.cpp Vtop_adder_if__DepSet_h0d87a7d4__0.cpp Vtop_adder_if__DepSet_h650afb37__0.cpp Vtop__Dpi.cpp Vtop__Trace__0.cpp Vtop___024root__Slow.cpp Vtop___024root__DepSet_h84412442__0__Slow.cpp Vtop___024root__DepSet_heccd7ead__0__Slow.cpp Vtop_adder_if__Slow.cpp Vtop_adder_if__DepSet_h650afb37__0__Slow.cpp Vtop__Syms.cpp Vtop__Trace__0__Slow.cpp Vtop__TraceDecls__0__Slow.cpp > Vtop__ALL.cpp
g++ -Os  -I.  -MMD -I/usr/local/share/verilator/include -I/usr/local/share/verilator/include/vltstd -DVERILATOR=1 -DVM_COVERAGE=0 -DVM_SC=0 -DVM_TIMING=0 -DVM_TRACE=1 -DVM_TRACE_FST=0 -DVM_TRACE_VCD=1 -DVM_TRACE_SAIF=0 -faligned-new -fcf-protection=none -Wno-bool-operation -Wno-int-in-bool-context -Wno-shadow -Wno-sign-compare -Wno-subobject-linkage -Wno-tautological-compare -Wno-uninitialized -Wno-unused-but-set-parameter -Wno-unused-but-set-variable -Wno-unused-parameter -Wno-unused-variable      -c -o Vtop__ALL.o Vtop__ALL.cpp
echo "" > Vtop__ALL.verilator_deplist.tmp
g++    verilator.o verilated.o verilated_dpi.o verilated_vpi.o verilated_vcd_c.o verilated_threads.o Vtop__ALL.a   -Wl,-rpath,/home/bdballa/cocotb_projects/cocotb_modified3/py311/lib/python3.11/site-packages/cocotb/libs -L/home/bdballa/cocotb_projects/cocotb_modified3/py311/lib/python3.11/site-packages/cocotb/libs -lcocotbvpi_verilator  -pthread -lpthread -latomic   -o Vtop
rm Vtop__ALL.verilator_deplist.tmp
make[2]: Leaving directory '/home/bdballa/cocotb_projects/cocotb_modified3/sim_build'
rm -f results.xml
COCOTB_TEST_MODULES=sim.tests.test_smoke COCOTB_TESTCASE= COCOTB_TEST_FILTER= COCOTB_TOPLEVEL=dut_wrapper TOPLEVEL_LANG=verilog \
         sim_build/Vtop  --trace -Irtl   
     -.--ns INFO     gpi                                ..mbed/gpi_embed.cpp:93   in _embed_init_python              Using Python 3.11.9 interpreter at /home/bdballa/cocotb_projects/cocotb_modified3/py311/bin/python3.11
     -.--ns INFO     gpi                                ../gpi/GpiCommon.cpp:79   in gpi_print_registered_impl       VPI registered
     0.00ns INFO     cocotb                             Running on Verilator version 5.040 2025-08-30
     0.00ns INFO     cocotb                             Seeding Python random module with 1782405994
     0.00ns INFO     cocotb                             Initialized cocotb v2.0.1 from /home/bdballa/cocotb_projects/cocotb_modified3/py311/lib/python3.11/site-packages/cocotb
     0.00ns DEBUG    cocotb.regression                  Registered test 'sim.tests.test_smoke.smoke_test'
     0.00ns INFO     cocotb                             Running tests
     0.00ns INFO     cocotb.regression                  running sim.tests.test_smoke.smoke_test (1/1)
     0.00ns WARNING  py.warnings                        /home/bdballa/cocotb_projects/cocotb_modified3/sim/tests/test_smoke.py:15: DeprecationWarning: The 'units' argument has been renamed to 'unit'.
                                                          cocotb.start_soon(Clock(dut.clk, 10, units="ns").start())
   355.00ns WARNING  py.warnings                        /home/bdballa/cocotb_projects/cocotb_modified3/sim/tests/test_smoke.py:34: DeprecationWarning: The 'units' argument has been renamed to 'unit'.
                                                          await Timer(40, units="ns")
   395.00ns INFO     cocotb.regression                  sim.tests.test_smoke.smoke_test passed
   395.00ns INFO     cocotb.regression                  *****************************************************************************************
                                                        ** TEST                             STATUS  SIM TIME (ns)  REAL TIME (s)  RATIO (ns/s) **
                                                        *****************************************************************************************
                                                        ** sim.tests.test_smoke.smoke_test   PASS         395.00           0.45        872.80  **
                                                        *****************************************************************************************
                                                        ** TESTS=1 PASS=1 FAIL=0 SKIP=0                   395.00           0.45        868.93  **
                                                        *****************************************************************************************
- :0: Verilog $finish
make[1]: Leaving directory '/home/bdballa/cocotb_projects/cocotb_modified3'
